{
  "RSpec": {
    "coverage": {
      "/Users/James/Projects/week2_challenges/oystercard/spec/journey_spec.rb": [
        1,
        null,
        1,
        2,
        null,
        1,
        1,
        null,
        null,
        null
      ],
      "/Users/James/Projects/week2_challenges/oystercard/lib/journey.rb": [
        1,
        1,
        null,
        1,
        null,
        1,
        1,
        null,
        null,
        1,
        1,
        null,
        null,
        null,
        null,
        null
      ],
      "/Users/James/Projects/week2_challenges/oystercard/lib/oystercard.rb": [
        1,
        1,
        null,
        1,
        1,
        null,
        1,
        1,
        1,
        10,
        10,
        10,
        10,
        10,
        null,
        null,
        1,
        8,
        7,
        null,
        null,
        1,
        8,
        null,
        null,
        1,
        6,
        5,
        null,
        null,
        1,
        3,
        3,
        3,
        3,
        null,
        null,
        1,
        2,
        null,
        null,
        1,
        6,
        null,
        null,
        1,
        null,
        1,
        4,
        null,
        null
      ],
      "/Users/James/Projects/week2_challenges/oystercard/lib/station.rb": [
        1,
        1,
        2,
        null,
        null,
        1,
        1,
        null,
        null,
        1,
        1,
        null,
        null
      ],
      "/Users/James/Projects/week2_challenges/oystercard/spec/oystercard_spec.rb": [
        1,
        null,
        1,
        11,
        null,
        1,
        1,
        1,
        null,
        null,
        null,
        1,
        1,
        4,
        null,
        null,
        null,
        1,
        1,
        1,
        2,
        null,
        null,
        null,
        1,
        1,
        1,
        5,
        null,
        null,
        null,
        1,
        4,
        null,
        1,
        1,
        4,
        null,
        1,
        1,
        2,
        null,
        1,
        1,
        1,
        1,
        null,
        null,
        null,
        1,
        4,
        4,
        null,
        1,
        1,
        1,
        4,
        null,
        null,
        1,
        1,
        1,
        4,
        null,
        null,
        1,
        1,
        1,
        1,
        1,
        1,
        null,
        null,
        null
      ],
      "/Users/James/Projects/week2_challenges/oystercard/spec/station_spec.rb": [
        1,
        null,
        1,
        3,
        1,
        1,
        null,
        null,
        1,
        1,
        null,
        null
      ]
    },
    "timestamp": 1504626909
  }
}
